[0.006s] Invoking command in '/home/kinesis/Github/ROBIT_Dynamixel_Control_With_ROS2/build/dxl_controller': CMAKE_PREFIX_PATH=/home/kinesis/Github/ROBIT_Dynamixel_Control_With_ROS2/install/dxl_controller:/home/kinesis/colcon_ws/install/vision_test:/home/kinesis/colcon_ws/install/usb_camera:/home/kinesis/colcon_ws/install/turtlebot3_status_manager:/home/kinesis/colcon_ws/install/turtlebot3_simulations:/home/kinesis/colcon_ws/install/turtlebot3_fake_node:/home/kinesis/colcon_ws/install/turtlebot3_msgs:/home/kinesis/colcon_ws/install/turtlebot3_gazebo:/home/kinesis/colcon_ws/install/serial_test:/opt/ros/humble:/home/kinesis/colcon_ws/install/yolo_segmentation:/home/kinesis/colcon_ws/install/yolo_detection:/home/kinesis/colcon_ws/install/video_to_ros2_topic:/home/kinesis/colcon_ws/install/image_to_ros2_topic:/home/kinesis/colcon_ws/install/serial:/home/kinesis/colcon_ws/install/ros2_day_4_parameter_practice:/home/kinesis/colcon_ws/install/pan_tilt_camera:/home/kinesis/colcon_ws/install/my_cpp_pkg_test:/home/kinesis/colcon_ws/install/my_cpp_pkg:/home/kinesis/colcon_ws/install/image_recognition_msgs:/home/kinesis/colcon_ws/install/dual_fisheye_camera /usr/bin/cmake /home/kinesis/Github/ROBIT_Dynamixel_Control_With_ROS2/dxl_controller -DCMAKE_INSTALL_PREFIX=/home/kinesis/Github/ROBIT_Dynamixel_Control_With_ROS2/install/dxl_controller
[0.067s] -- The C compiler identification is GNU 11.4.0
[0.130s] -- The CXX compiler identification is GNU 11.4.0
[0.139s] -- Detecting C compiler ABI info
[0.233s] -- Detecting C compiler ABI info - done
[0.244s] -- Check for working C compiler: /usr/bin/cc - skipped
[0.244s] -- Detecting C compile features
[0.245s] -- Detecting C compile features - done
[0.249s] -- Detecting CXX compiler ABI info
[0.357s] -- Detecting CXX compiler ABI info - done
[0.366s] -- Check for working CXX compiler: /usr/bin/c++ - skipped
[0.367s] -- Detecting CXX compile features
[0.367s] -- Detecting CXX compile features - done
[0.370s] -- Found ament_cmake: 1.3.10 (/opt/ros/humble/share/ament_cmake/cmake)
[0.573s] -- Found Python3: /usr/bin/python3 (found version "3.10.12") found components: Interpreter 
[0.686s] -- Found serial: 1.2.1 (/home/kinesis/colcon_ws/install/serial/share/serial/cmake)
[0.690s] -- Found rclcpp: 16.0.10 (/opt/ros/humble/share/rclcpp/cmake)
[0.739s] -- Found rosidl_generator_c: 3.1.5 (/opt/ros/humble/share/rosidl_generator_c/cmake)
[0.745s] -- Found rosidl_adapter: 3.1.5 (/opt/ros/humble/share/rosidl_adapter/cmake)
[0.755s] -- Found rosidl_generator_cpp: 3.1.5 (/opt/ros/humble/share/rosidl_generator_cpp/cmake)
[0.769s] -- Using all available rosidl_typesupport_c: rosidl_typesupport_fastrtps_c;rosidl_typesupport_introspection_c
[0.787s] -- Using all available rosidl_typesupport_cpp: rosidl_typesupport_fastrtps_cpp;rosidl_typesupport_introspection_cpp
[0.817s] -- Found rmw_implementation_cmake: 6.1.2 (/opt/ros/humble/share/rmw_implementation_cmake/cmake)
[0.818s] -- Found rmw_fastrtps_cpp: 6.2.7 (/opt/ros/humble/share/rmw_fastrtps_cpp/cmake)
[0.904s] -- Found OpenSSL: /usr/lib/x86_64-linux-gnu/libcrypto.so (found version "3.0.2")  
[0.943s] -- Found FastRTPS: /opt/ros/humble/include  
[0.997s] -- Using RMW implementation 'rmw_fastrtps_cpp' as default
[1.008s] -- Looking for pthread.h
[1.108s] -- Looking for pthread.h - found
[1.108s] -- Performing Test CMAKE_HAVE_LIBC_PTHREAD
[1.205s] -- Performing Test CMAKE_HAVE_LIBC_PTHREAD - Success
[1.207s] -- Found Threads: TRUE  
[1.283s] -- Found ament_lint_auto: 0.12.11 (/opt/ros/humble/share/ament_lint_auto/cmake)
[1.375s] -- Added test 'cppcheck' to perform static code analysis on C / C++ code
[1.375s] -- Configured cppcheck include dirs: $<BUILD_INTERFACE:/home/kinesis/Github/ROBIT_Dynamixel_Control_With_ROS2/dxl_controller/include>
[1.375s] -- Configured cppcheck exclude dirs and/or files: 
[1.375s] -- Added test 'lint_cmake' to check CMake code style
[1.376s] -- Added test 'uncrustify' to check C / C++ code style
[1.376s] -- Configured uncrustify additional arguments: 
[1.377s] -- Added test 'xmllint' to check XML markup files
[1.379s] -- Configuring done
[1.387s] -- Generating done
[1.388s] -- Build files have been written to: /home/kinesis/Github/ROBIT_Dynamixel_Control_With_ROS2/build/dxl_controller
[1.398s] Invoked command in '/home/kinesis/Github/ROBIT_Dynamixel_Control_With_ROS2/build/dxl_controller' returned '0': CMAKE_PREFIX_PATH=/home/kinesis/Github/ROBIT_Dynamixel_Control_With_ROS2/install/dxl_controller:/home/kinesis/colcon_ws/install/vision_test:/home/kinesis/colcon_ws/install/usb_camera:/home/kinesis/colcon_ws/install/turtlebot3_status_manager:/home/kinesis/colcon_ws/install/turtlebot3_simulations:/home/kinesis/colcon_ws/install/turtlebot3_fake_node:/home/kinesis/colcon_ws/install/turtlebot3_msgs:/home/kinesis/colcon_ws/install/turtlebot3_gazebo:/home/kinesis/colcon_ws/install/serial_test:/opt/ros/humble:/home/kinesis/colcon_ws/install/yolo_segmentation:/home/kinesis/colcon_ws/install/yolo_detection:/home/kinesis/colcon_ws/install/video_to_ros2_topic:/home/kinesis/colcon_ws/install/image_to_ros2_topic:/home/kinesis/colcon_ws/install/serial:/home/kinesis/colcon_ws/install/ros2_day_4_parameter_practice:/home/kinesis/colcon_ws/install/pan_tilt_camera:/home/kinesis/colcon_ws/install/my_cpp_pkg_test:/home/kinesis/colcon_ws/install/my_cpp_pkg:/home/kinesis/colcon_ws/install/image_recognition_msgs:/home/kinesis/colcon_ws/install/dual_fisheye_camera /usr/bin/cmake /home/kinesis/Github/ROBIT_Dynamixel_Control_With_ROS2/dxl_controller -DCMAKE_INSTALL_PREFIX=/home/kinesis/Github/ROBIT_Dynamixel_Control_With_ROS2/install/dxl_controller
[1.400s] Invoking command in '/home/kinesis/Github/ROBIT_Dynamixel_Control_With_ROS2/build/dxl_controller': CMAKE_PREFIX_PATH=/home/kinesis/Github/ROBIT_Dynamixel_Control_With_ROS2/install/dxl_controller:/home/kinesis/colcon_ws/install/vision_test:/home/kinesis/colcon_ws/install/usb_camera:/home/kinesis/colcon_ws/install/turtlebot3_status_manager:/home/kinesis/colcon_ws/install/turtlebot3_simulations:/home/kinesis/colcon_ws/install/turtlebot3_fake_node:/home/kinesis/colcon_ws/install/turtlebot3_msgs:/home/kinesis/colcon_ws/install/turtlebot3_gazebo:/home/kinesis/colcon_ws/install/serial_test:/opt/ros/humble:/home/kinesis/colcon_ws/install/yolo_segmentation:/home/kinesis/colcon_ws/install/yolo_detection:/home/kinesis/colcon_ws/install/video_to_ros2_topic:/home/kinesis/colcon_ws/install/image_to_ros2_topic:/home/kinesis/colcon_ws/install/serial:/home/kinesis/colcon_ws/install/ros2_day_4_parameter_practice:/home/kinesis/colcon_ws/install/pan_tilt_camera:/home/kinesis/colcon_ws/install/my_cpp_pkg_test:/home/kinesis/colcon_ws/install/my_cpp_pkg:/home/kinesis/colcon_ws/install/image_recognition_msgs:/home/kinesis/colcon_ws/install/dual_fisheye_camera /usr/bin/cmake --build /home/kinesis/Github/ROBIT_Dynamixel_Control_With_ROS2/build/dxl_controller -- -j32 -l32
[1.468s] [ 33%] [32mBuilding CXX object CMakeFiles/dxl_controller.dir/src/main.cpp.o[0m
[1.471s] [ 66%] [32mBuilding CXX object CMakeFiles/dxl_controller.dir/src/serial_process.cpp.o[0m
[5.305s] [100%] [32m[1mLinking CXX executable dxl_controller[0m
[5.612s] [100%] Built target dxl_controller
[5.626s] Invoked command in '/home/kinesis/Github/ROBIT_Dynamixel_Control_With_ROS2/build/dxl_controller' returned '0': CMAKE_PREFIX_PATH=/home/kinesis/Github/ROBIT_Dynamixel_Control_With_ROS2/install/dxl_controller:/home/kinesis/colcon_ws/install/vision_test:/home/kinesis/colcon_ws/install/usb_camera:/home/kinesis/colcon_ws/install/turtlebot3_status_manager:/home/kinesis/colcon_ws/install/turtlebot3_simulations:/home/kinesis/colcon_ws/install/turtlebot3_fake_node:/home/kinesis/colcon_ws/install/turtlebot3_msgs:/home/kinesis/colcon_ws/install/turtlebot3_gazebo:/home/kinesis/colcon_ws/install/serial_test:/opt/ros/humble:/home/kinesis/colcon_ws/install/yolo_segmentation:/home/kinesis/colcon_ws/install/yolo_detection:/home/kinesis/colcon_ws/install/video_to_ros2_topic:/home/kinesis/colcon_ws/install/image_to_ros2_topic:/home/kinesis/colcon_ws/install/serial:/home/kinesis/colcon_ws/install/ros2_day_4_parameter_practice:/home/kinesis/colcon_ws/install/pan_tilt_camera:/home/kinesis/colcon_ws/install/my_cpp_pkg_test:/home/kinesis/colcon_ws/install/my_cpp_pkg:/home/kinesis/colcon_ws/install/image_recognition_msgs:/home/kinesis/colcon_ws/install/dual_fisheye_camera /usr/bin/cmake --build /home/kinesis/Github/ROBIT_Dynamixel_Control_With_ROS2/build/dxl_controller -- -j32 -l32
[5.682s] Invoking command in '/home/kinesis/Github/ROBIT_Dynamixel_Control_With_ROS2/build/dxl_controller': CMAKE_PREFIX_PATH=/home/kinesis/Github/ROBIT_Dynamixel_Control_With_ROS2/install/dxl_controller:/home/kinesis/colcon_ws/install/vision_test:/home/kinesis/colcon_ws/install/usb_camera:/home/kinesis/colcon_ws/install/turtlebot3_status_manager:/home/kinesis/colcon_ws/install/turtlebot3_simulations:/home/kinesis/colcon_ws/install/turtlebot3_fake_node:/home/kinesis/colcon_ws/install/turtlebot3_msgs:/home/kinesis/colcon_ws/install/turtlebot3_gazebo:/home/kinesis/colcon_ws/install/serial_test:/opt/ros/humble:/home/kinesis/colcon_ws/install/yolo_segmentation:/home/kinesis/colcon_ws/install/yolo_detection:/home/kinesis/colcon_ws/install/video_to_ros2_topic:/home/kinesis/colcon_ws/install/image_to_ros2_topic:/home/kinesis/colcon_ws/install/serial:/home/kinesis/colcon_ws/install/ros2_day_4_parameter_practice:/home/kinesis/colcon_ws/install/pan_tilt_camera:/home/kinesis/colcon_ws/install/my_cpp_pkg_test:/home/kinesis/colcon_ws/install/my_cpp_pkg:/home/kinesis/colcon_ws/install/image_recognition_msgs:/home/kinesis/colcon_ws/install/dual_fisheye_camera /usr/bin/cmake --install /home/kinesis/Github/ROBIT_Dynamixel_Control_With_ROS2/build/dxl_controller
[5.693s] -- Install configuration: ""
[5.693s] -- Installing: /home/kinesis/Github/ROBIT_Dynamixel_Control_With_ROS2/install/dxl_controller/lib/dxl_controller/dxl_controller
[5.696s] -- Set runtime path of "/home/kinesis/Github/ROBIT_Dynamixel_Control_With_ROS2/install/dxl_controller/lib/dxl_controller/dxl_controller" to ""
[5.696s] -- Installing: /home/kinesis/Github/ROBIT_Dynamixel_Control_With_ROS2/install/dxl_controller/share/ament_index/resource_index/package_run_dependencies/dxl_controller
[5.696s] -- Installing: /home/kinesis/Github/ROBIT_Dynamixel_Control_With_ROS2/install/dxl_controller/share/ament_index/resource_index/parent_prefix_path/dxl_controller
[5.696s] -- Installing: /home/kinesis/Github/ROBIT_Dynamixel_Control_With_ROS2/install/dxl_controller/share/dxl_controller/environment/ament_prefix_path.sh
[5.697s] -- Installing: /home/kinesis/Github/ROBIT_Dynamixel_Control_With_ROS2/install/dxl_controller/share/dxl_controller/environment/ament_prefix_path.dsv
[5.697s] -- Installing: /home/kinesis/Github/ROBIT_Dynamixel_Control_With_ROS2/install/dxl_controller/share/dxl_controller/environment/path.sh
[5.697s] -- Installing: /home/kinesis/Github/ROBIT_Dynamixel_Control_With_ROS2/install/dxl_controller/share/dxl_controller/environment/path.dsv
[5.697s] -- Installing: /home/kinesis/Github/ROBIT_Dynamixel_Control_With_ROS2/install/dxl_controller/share/dxl_controller/local_setup.bash
[5.697s] -- Installing: /home/kinesis/Github/ROBIT_Dynamixel_Control_With_ROS2/install/dxl_controller/share/dxl_controller/local_setup.sh
[5.697s] -- Installing: /home/kinesis/Github/ROBIT_Dynamixel_Control_With_ROS2/install/dxl_controller/share/dxl_controller/local_setup.zsh
[5.697s] -- Installing: /home/kinesis/Github/ROBIT_Dynamixel_Control_With_ROS2/install/dxl_controller/share/dxl_controller/local_setup.dsv
[5.697s] -- Installing: /home/kinesis/Github/ROBIT_Dynamixel_Control_With_ROS2/install/dxl_controller/share/dxl_controller/package.dsv
[5.697s] -- Installing: /home/kinesis/Github/ROBIT_Dynamixel_Control_With_ROS2/install/dxl_controller/share/ament_index/resource_index/packages/dxl_controller
[5.697s] -- Installing: /home/kinesis/Github/ROBIT_Dynamixel_Control_With_ROS2/install/dxl_controller/share/dxl_controller/cmake/dxl_controllerConfig.cmake
[5.697s] -- Installing: /home/kinesis/Github/ROBIT_Dynamixel_Control_With_ROS2/install/dxl_controller/share/dxl_controller/cmake/dxl_controllerConfig-version.cmake
[5.697s] -- Installing: /home/kinesis/Github/ROBIT_Dynamixel_Control_With_ROS2/install/dxl_controller/share/dxl_controller/package.xml
[5.700s] Invoked command in '/home/kinesis/Github/ROBIT_Dynamixel_Control_With_ROS2/build/dxl_controller' returned '0': CMAKE_PREFIX_PATH=/home/kinesis/Github/ROBIT_Dynamixel_Control_With_ROS2/install/dxl_controller:/home/kinesis/colcon_ws/install/vision_test:/home/kinesis/colcon_ws/install/usb_camera:/home/kinesis/colcon_ws/install/turtlebot3_status_manager:/home/kinesis/colcon_ws/install/turtlebot3_simulations:/home/kinesis/colcon_ws/install/turtlebot3_fake_node:/home/kinesis/colcon_ws/install/turtlebot3_msgs:/home/kinesis/colcon_ws/install/turtlebot3_gazebo:/home/kinesis/colcon_ws/install/serial_test:/opt/ros/humble:/home/kinesis/colcon_ws/install/yolo_segmentation:/home/kinesis/colcon_ws/install/yolo_detection:/home/kinesis/colcon_ws/install/video_to_ros2_topic:/home/kinesis/colcon_ws/install/image_to_ros2_topic:/home/kinesis/colcon_ws/install/serial:/home/kinesis/colcon_ws/install/ros2_day_4_parameter_practice:/home/kinesis/colcon_ws/install/pan_tilt_camera:/home/kinesis/colcon_ws/install/my_cpp_pkg_test:/home/kinesis/colcon_ws/install/my_cpp_pkg:/home/kinesis/colcon_ws/install/image_recognition_msgs:/home/kinesis/colcon_ws/install/dual_fisheye_camera /usr/bin/cmake --install /home/kinesis/Github/ROBIT_Dynamixel_Control_With_ROS2/build/dxl_controller
